<?xml version="1.0" encoding="UTF-8"?>
<!-- Generated by org.testng.reporters.JUnitReportReporter -->
<testsuite skipped="0" hostname="sonam-PC" name="com.Test.TestSearch" tests="2" failures="0" timestamp="01 Feb 2018 17:52:41 GMT" time="135.487" errors="0">
  <testcase name="search" time="14.949" classname="com.Test.TestSearch"/>
  <testcase name="search" time="120.538" classname="com.Test.TestSearch"/>
</testsuite> <!-- com.Test.TestSearch -->
